<?xml version="1.0" encoding="UTF-8"?>
<testsuite xmlns:xsi="http://www.w3.org/2001/XMLSchema-instance" xsi:noNamespaceSchemaLocation="https://maven.apache.org/surefire/maven-failsafe-plugin/xsd/failsafe-test-report.xsd" name="br.com.alura.leilao.integration.service.LanceServiceTest" time="0.193" tests="2" errors="0" skipped="0" failures="0">
  <properties>
    <property name="sun.desktop" value="gnome"/>
    <property name="awt.toolkit" value="sun.awt.X11.XToolkit"/>
    <property name="file.encoding.pkg" value="sun.io"/>
    <property name="java.specification.version" value="1.8"/>
    <property name="sun.cpu.isalist" value=""/>
    <property name="sun.jnu.encoding" value="UTF-8"/>
    <property name="java.class.path" value="/home/marcelo.filipov@sp01.local/Training/filipovLeilaoWithBDD/target/test-classes:/home/marcelo.filipov@sp01.local/Training/filipovLeilaoWithBDD/target/classes:/home/marcelo.filipov@sp01.local/.m2/repository/org/springframework/boot/spring-boot-starter-thymeleaf/2.3.1.RELEASE/spring-boot-starter-thymeleaf-2.3.1.RELEASE.jar:/home/marcelo.filipov@sp01.local/.m2/repository/org/springframework/boot/spring-boot-starter/2.3.1.RELEASE/spring-boot-starter-2.3.1.RELEASE.jar:/home/marcelo.filipov@sp01.local/.m2/repository/org/springframework/boot/spring-boot-starter-logging/2.3.1.RELEASE/spring-boot-starter-logging-2.3.1.RELEASE.jar:/home/marcelo.filipov@sp01.local/.m2/repository/ch/qos/logback/logback-classic/1.2.3/logback-classic-1.2.3.jar:/home/marcelo.filipov@sp01.local/.m2/repository/ch/qos/logback/logback-core/1.2.3/logback-core-1.2.3.jar:/home/marcelo.filipov@sp01.local/.m2/repository/org/apache/logging/log4j/log4j-to-slf4j/2.13.3/log4j-to-slf4j-2.13.3.jar:/home/marcelo.filipov@sp01.local/.m2/repository/org/apache/logging/log4j/log4j-api/2.13.3/log4j-api-2.13.3.jar:/home/marcelo.filipov@sp01.local/.m2/repository/org/slf4j/jul-to-slf4j/1.7.30/jul-to-slf4j-1.7.30.jar:/home/marcelo.filipov@sp01.local/.m2/repository/jakarta/annotation/jakarta.annotation-api/1.3.5/jakarta.annotation-api-1.3.5.jar:/home/marcelo.filipov@sp01.local/.m2/repository/org/yaml/snakeyaml/1.26/snakeyaml-1.26.jar:/home/marcelo.filipov@sp01.local/.m2/repository/org/thymeleaf/thymeleaf-spring5/3.0.11.RELEASE/thymeleaf-spring5-3.0.11.RELEASE.jar:/home/marcelo.filipov@sp01.local/.m2/repository/org/thymeleaf/extras/thymeleaf-extras-springsecurity5/3.0.4.RELEASE/thymeleaf-extras-springsecurity5-3.0.4.RELEASE.jar:/home/marcelo.filipov@sp01.local/.m2/repository/org/slf4j/slf4j-api/1.7.30/slf4j-api-1.7.30.jar:/home/marcelo.filipov@sp01.local/.m2/repository/org/thymeleaf/extras/thymeleaf-extras-java8time/3.0.4.RELEASE/thymeleaf-extras-java8time-3.0.4.RELEASE.jar:/home/marcelo.filipov@sp01.local/.m2/repository/org/thymeleaf/thymeleaf/3.0.11.RELEASE/thymeleaf-3.0.11.RELEASE.jar:/home/marcelo.filipov@sp01.local/.m2/repository/ognl/ognl/3.1.12/ognl-3.1.12.jar:/home/marcelo.filipov@sp01.local/.m2/repository/org/attoparser/attoparser/2.0.5.RELEASE/attoparser-2.0.5.RELEASE.jar:/home/marcelo.filipov@sp01.local/.m2/repository/org/unbescape/unbescape/1.1.6.RELEASE/unbescape-1.1.6.RELEASE.jar:/home/marcelo.filipov@sp01.local/.m2/repository/org/springframework/boot/spring-boot-starter-web/2.3.1.RELEASE/spring-boot-starter-web-2.3.1.RELEASE.jar:/home/marcelo.filipov@sp01.local/.m2/repository/org/springframework/boot/spring-boot-starter-json/2.3.1.RELEASE/spring-boot-starter-json-2.3.1.RELEASE.jar:/home/marcelo.filipov@sp01.local/.m2/repository/com/fasterxml/jackson/core/jackson-databind/2.11.0/jackson-databind-2.11.0.jar:/home/marcelo.filipov@sp01.local/.m2/repository/com/fasterxml/jackson/core/jackson-annotations/2.11.0/jackson-annotations-2.11.0.jar:/home/marcelo.filipov@sp01.local/.m2/repository/com/fasterxml/jackson/core/jackson-core/2.11.0/jackson-core-2.11.0.jar:/home/marcelo.filipov@sp01.local/.m2/repository/com/fasterxml/jackson/datatype/jackson-datatype-jdk8/2.11.0/jackson-datatype-jdk8-2.11.0.jar:/home/marcelo.filipov@sp01.local/.m2/repository/com/fasterxml/jackson/datatype/jackson-datatype-jsr310/2.11.0/jackson-datatype-jsr310-2.11.0.jar:/home/marcelo.filipov@sp01.local/.m2/repository/com/fasterxml/jackson/module/jackson-module-parameter-names/2.11.0/jackson-module-parameter-names-2.11.0.jar:/home/marcelo.filipov@sp01.local/.m2/repository/org/springframework/boot/spring-boot-starter-tomcat/2.3.1.RELEASE/spring-boot-starter-tomcat-2.3.1.RELEASE.jar:/home/marcelo.filipov@sp01.local/.m2/repository/org/apache/tomcat/embed/tomcat-embed-core/9.0.36/tomcat-embed-core-9.0.36.jar:/home/marcelo.filipov@sp01.local/.m2/repository/org/apache/tomcat/embed/tomcat-embed-websocket/9.0.36/tomcat-embed-websocket-9.0.36.jar:/home/marcelo.filipov@sp01.local/.m2/repository/org/springframework/spring-web/5.2.7.RELEASE/spring-web-5.2.7.RELEASE.jar:/home/marcelo.filipov@sp01.local/.m2/repository/org/springframework/spring-beans/5.2.7.RELEASE/spring-beans-5.2.7.RELEASE.jar:/home/marcelo.filipov@sp01.local/.m2/repository/org/springframework/spring-webmvc/5.2.7.RELEASE/spring-webmvc-5.2.7.RELEASE.jar:/home/marcelo.filipov@sp01.local/.m2/repository/org/springframework/spring-context/5.2.7.RELEASE/spring-context-5.2.7.RELEASE.jar:/home/marcelo.filipov@sp01.local/.m2/repository/org/springframework/spring-expression/5.2.7.RELEASE/spring-expression-5.2.7.RELEASE.jar:/home/marcelo.filipov@sp01.local/.m2/repository/org/springframework/boot/spring-boot-starter-validation/2.3.1.RELEASE/spring-boot-starter-validation-2.3.1.RELEASE.jar:/home/marcelo.filipov@sp01.local/.m2/repository/org/glassfish/jakarta.el/3.0.3/jakarta.el-3.0.3.jar:/home/marcelo.filipov@sp01.local/.m2/repository/org/hibernate/validator/hibernate-validator/6.1.5.Final/hibernate-validator-6.1.5.Final.jar:/home/marcelo.filipov@sp01.local/.m2/repository/jakarta/validation/jakarta.validation-api/2.0.2/jakarta.validation-api-2.0.2.jar:/home/marcelo.filipov@sp01.local/.m2/repository/org/jboss/logging/jboss-logging/3.4.1.Final/jboss-logging-3.4.1.Final.jar:/home/marcelo.filipov@sp01.local/.m2/repository/com/fasterxml/classmate/1.5.1/classmate-1.5.1.jar:/home/marcelo.filipov@sp01.local/.m2/repository/org/springframework/boot/spring-boot-starter-data-jpa/2.3.1.RELEASE/spring-boot-starter-data-jpa-2.3.1.RELEASE.jar:/home/marcelo.filipov@sp01.local/.m2/repository/org/springframework/boot/spring-boot-starter-aop/2.3.1.RELEASE/spring-boot-starter-aop-2.3.1.RELEASE.jar:/home/marcelo.filipov@sp01.local/.m2/repository/org/aspectj/aspectjweaver/1.9.5/aspectjweaver-1.9.5.jar:/home/marcelo.filipov@sp01.local/.m2/repository/org/springframework/boot/spring-boot-starter-jdbc/2.3.1.RELEASE/spring-boot-starter-jdbc-2.3.1.RELEASE.jar:/home/marcelo.filipov@sp01.local/.m2/repository/com/zaxxer/HikariCP/3.4.5/HikariCP-3.4.5.jar:/home/marcelo.filipov@sp01.local/.m2/repository/org/springframework/spring-jdbc/5.2.7.RELEASE/spring-jdbc-5.2.7.RELEASE.jar:/home/marcelo.filipov@sp01.local/.m2/repository/jakarta/transaction/jakarta.transaction-api/1.3.3/jakarta.transaction-api-1.3.3.jar:/home/marcelo.filipov@sp01.local/.m2/repository/jakarta/persistence/jakarta.persistence-api/2.2.3/jakarta.persistence-api-2.2.3.jar:/home/marcelo.filipov@sp01.local/.m2/repository/org/hibernate/hibernate-core/5.4.17.Final/hibernate-core-5.4.17.Final.jar:/home/marcelo.filipov@sp01.local/.m2/repository/org/javassist/javassist/3.24.0-GA/javassist-3.24.0-GA.jar:/home/marcelo.filipov@sp01.local/.m2/repository/antlr/antlr/2.7.7/antlr-2.7.7.jar:/home/marcelo.filipov@sp01.local/.m2/repository/org/jboss/jandex/2.1.3.Final/jandex-2.1.3.Final.jar:/home/marcelo.filipov@sp01.local/.m2/repository/org/dom4j/dom4j/2.1.3/dom4j-2.1.3.jar:/home/marcelo.filipov@sp01.local/.m2/repository/org/hibernate/common/hibernate-commons-annotations/5.1.0.Final/hibernate-commons-annotations-5.1.0.Final.jar:/home/marcelo.filipov@sp01.local/.m2/repository/org/glassfish/jaxb/jaxb-runtime/2.3.3/jaxb-runtime-2.3.3.jar:/home/marcelo.filipov@sp01.local/.m2/repository/org/glassfish/jaxb/txw2/2.3.3/txw2-2.3.3.jar:/home/marcelo.filipov@sp01.local/.m2/repository/com/sun/istack/istack-commons-runtime/3.0.11/istack-commons-runtime-3.0.11.jar:/home/marcelo.filipov@sp01.local/.m2/repository/com/sun/activation/jakarta.activation/1.2.2/jakarta.activation-1.2.2.jar:/home/marcelo.filipov@sp01.local/.m2/repository/org/springframework/data/spring-data-jpa/2.3.1.RELEASE/spring-data-jpa-2.3.1.RELEASE.jar:/home/marcelo.filipov@sp01.local/.m2/repository/org/springframework/data/spring-data-commons/2.3.1.RELEASE/spring-data-commons-2.3.1.RELEASE.jar:/home/marcelo.filipov@sp01.local/.m2/repository/org/springframework/spring-orm/5.2.7.RELEASE/spring-orm-5.2.7.RELEASE.jar:/home/marcelo.filipov@sp01.local/.m2/repository/org/springframework/spring-tx/5.2.7.RELEASE/spring-tx-5.2.7.RELEASE.jar:/home/marcelo.filipov@sp01.local/.m2/repository/org/springframework/spring-aspects/5.2.7.RELEASE/spring-aspects-5.2.7.RELEASE.jar:/home/marcelo.filipov@sp01.local/.m2/repository/org/springframework/boot/spring-boot-starter-security/2.3.1.RELEASE/spring-boot-starter-security-2.3.1.RELEASE.jar:/home/marcelo.filipov@sp01.local/.m2/repository/org/springframework/spring-aop/5.2.7.RELEASE/spring-aop-5.2.7.RELEASE.jar:/home/marcelo.filipov@sp01.local/.m2/repository/org/springframework/security/spring-security-config/5.3.3.RELEASE/spring-security-config-5.3.3.RELEASE.jar:/home/marcelo.filipov@sp01.local/.m2/repository/org/springframework/security/spring-security-core/5.3.3.RELEASE/spring-security-core-5.3.3.RELEASE.jar:/home/marcelo.filipov@sp01.local/.m2/repository/org/springframework/security/spring-security-web/5.3.3.RELEASE/spring-security-web-5.3.3.RELEASE.jar:/home/marcelo.filipov@sp01.local/.m2/repository/org/mariadb/jdbc/mariadb-java-client/2.6.0/mariadb-java-client-2.6.0.jar:/home/marcelo.filipov@sp01.local/.m2/repository/org/springframework/boot/spring-boot-devtools/2.3.1.RELEASE/spring-boot-devtools-2.3.1.RELEASE.jar:/home/marcelo.filipov@sp01.local/.m2/repository/org/springframework/boot/spring-boot/2.3.1.RELEASE/spring-boot-2.3.1.RELEASE.jar:/home/marcelo.filipov@sp01.local/.m2/repository/org/springframework/boot/spring-boot-autoconfigure/2.3.1.RELEASE/spring-boot-autoconfigure-2.3.1.RELEASE.jar:/home/marcelo.filipov@sp01.local/.m2/repository/org/springframework/boot/spring-boot-starter-test/2.3.1.RELEASE/spring-boot-starter-test-2.3.1.RELEASE.jar:/home/marcelo.filipov@sp01.local/.m2/repository/org/springframework/boot/spring-boot-test/2.3.1.RELEASE/spring-boot-test-2.3.1.RELEASE.jar:/home/marcelo.filipov@sp01.local/.m2/repository/org/springframework/boot/spring-boot-test-autoconfigure/2.3.1.RELEASE/spring-boot-test-autoconfigure-2.3.1.RELEASE.jar:/home/marcelo.filipov@sp01.local/.m2/repository/com/jayway/jsonpath/json-path/2.4.0/json-path-2.4.0.jar:/home/marcelo.filipov@sp01.local/.m2/repository/net/minidev/json-smart/2.3/json-smart-2.3.jar:/home/marcelo.filipov@sp01.local/.m2/repository/net/minidev/accessors-smart/1.2/accessors-smart-1.2.jar:/home/marcelo.filipov@sp01.local/.m2/repository/org/ow2/asm/asm/5.0.4/asm-5.0.4.jar:/home/marcelo.filipov@sp01.local/.m2/repository/jakarta/xml/bind/jakarta.xml.bind-api/2.3.3/jakarta.xml.bind-api-2.3.3.jar:/home/marcelo.filipov@sp01.local/.m2/repository/jakarta/activation/jakarta.activation-api/1.2.2/jakarta.activation-api-1.2.2.jar:/home/marcelo.filipov@sp01.local/.m2/repository/org/assertj/assertj-core/3.16.1/assertj-core-3.16.1.jar:/home/marcelo.filipov@sp01.local/.m2/repository/org/junit/jupiter/junit-jupiter/5.6.2/junit-jupiter-5.6.2.jar:/home/marcelo.filipov@sp01.local/.m2/repository/org/junit/jupiter/junit-jupiter-api/5.6.2/junit-jupiter-api-5.6.2.jar:/home/marcelo.filipov@sp01.local/.m2/repository/org/opentest4j/opentest4j/1.2.0/opentest4j-1.2.0.jar:/home/marcelo.filipov@sp01.local/.m2/repository/org/junit/platform/junit-platform-commons/1.6.2/junit-platform-commons-1.6.2.jar:/home/marcelo.filipov@sp01.local/.m2/repository/org/junit/jupiter/junit-jupiter-params/5.6.2/junit-jupiter-params-5.6.2.jar:/home/marcelo.filipov@sp01.local/.m2/repository/org/junit/jupiter/junit-jupiter-engine/5.6.2/junit-jupiter-engine-5.6.2.jar:/home/marcelo.filipov@sp01.local/.m2/repository/org/junit/vintage/junit-vintage-engine/5.6.2/junit-vintage-engine-5.6.2.jar:/home/marcelo.filipov@sp01.local/.m2/repository/org/junit/platform/junit-platform-engine/1.6.2/junit-platform-engine-1.6.2.jar:/home/marcelo.filipov@sp01.local/.m2/repository/junit/junit/4.13/junit-4.13.jar:/home/marcelo.filipov@sp01.local/.m2/repository/org/mockito/mockito-core/3.3.3/mockito-core-3.3.3.jar:/home/marcelo.filipov@sp01.local/.m2/repository/net/bytebuddy/byte-buddy-agent/1.10.11/byte-buddy-agent-1.10.11.jar:/home/marcelo.filipov@sp01.local/.m2/repository/org/objenesis/objenesis/2.6/objenesis-2.6.jar:/home/marcelo.filipov@sp01.local/.m2/repository/org/mockito/mockito-junit-jupiter/3.3.3/mockito-junit-jupiter-3.3.3.jar:/home/marcelo.filipov@sp01.local/.m2/repository/org/skyscreamer/jsonassert/1.5.0/jsonassert-1.5.0.jar:/home/marcelo.filipov@sp01.local/.m2/repository/com/vaadin/external/google/android-json/0.0.20131108.vaadin1/android-json-0.0.20131108.vaadin1.jar:/home/marcelo.filipov@sp01.local/.m2/repository/org/springframework/spring-core/5.2.7.RELEASE/spring-core-5.2.7.RELEASE.jar:/home/marcelo.filipov@sp01.local/.m2/repository/org/springframework/spring-jcl/5.2.7.RELEASE/spring-jcl-5.2.7.RELEASE.jar:/home/marcelo.filipov@sp01.local/.m2/repository/org/springframework/spring-test/5.2.7.RELEASE/spring-test-5.2.7.RELEASE.jar:/home/marcelo.filipov@sp01.local/.m2/repository/org/xmlunit/xmlunit-core/2.7.0/xmlunit-core-2.7.0.jar:/home/marcelo.filipov@sp01.local/.m2/repository/com/h2database/h2/1.4.200/h2-1.4.200.jar:/home/marcelo.filipov@sp01.local/.m2/repository/io/cucumber/cucumber-java/6.2.0/cucumber-java-6.2.0.jar:/home/marcelo.filipov@sp01.local/.m2/repository/io/cucumber/cucumber-core/6.2.0/cucumber-core-6.2.0.jar:/home/marcelo.filipov@sp01.local/.m2/repository/io/cucumber/cucumber-gherkin/6.2.0/cucumber-gherkin-6.2.0.jar:/home/marcelo.filipov@sp01.local/.m2/repository/io/cucumber/cucumber-gherkin-messages/6.2.0/cucumber-gherkin-messages-6.2.0.jar:/home/marcelo.filipov@sp01.local/.m2/repository/io/cucumber/messages/12.2.0/messages-12.2.0.jar:/home/marcelo.filipov@sp01.local/.m2/repository/io/cucumber/tag-expressions/3.0.0/tag-expressions-3.0.0.jar:/home/marcelo.filipov@sp01.local/.m2/repository/io/cucumber/cucumber-expressions/10.2.1/cucumber-expressions-10.2.1.jar:/home/marcelo.filipov@sp01.local/.m2/repository/io/cucumber/datatable/3.3.1/datatable-3.3.1.jar:/home/marcelo.filipov@sp01.local/.m2/repository/io/cucumber/cucumber-plugin/6.2.0/cucumber-plugin-6.2.0.jar:/home/marcelo.filipov@sp01.local/.m2/repository/io/cucumber/docstring/6.2.0/docstring-6.2.0.jar:/home/marcelo.filipov@sp01.local/.m2/repository/io/cucumber/html-formatter/7.0.0/html-formatter-7.0.0.jar:/home/marcelo.filipov@sp01.local/.m2/repository/org/apiguardian/apiguardian-api/1.1.0/apiguardian-api-1.1.0.jar:/home/marcelo.filipov@sp01.local/.m2/repository/io/cucumber/cucumber-junit/6.2.0/cucumber-junit-6.2.0.jar:/home/marcelo.filipov@sp01.local/.m2/repository/org/hamcrest/hamcrest/2.2/hamcrest-2.2.jar:/home/marcelo.filipov@sp01.local/.m2/repository/org/seleniumhq/selenium/selenium-java/3.141.59/selenium-java-3.141.59.jar:/home/marcelo.filipov@sp01.local/.m2/repository/org/seleniumhq/selenium/selenium-chrome-driver/3.141.59/selenium-chrome-driver-3.141.59.jar:/home/marcelo.filipov@sp01.local/.m2/repository/org/seleniumhq/selenium/selenium-edge-driver/3.141.59/selenium-edge-driver-3.141.59.jar:/home/marcelo.filipov@sp01.local/.m2/repository/org/seleniumhq/selenium/selenium-ie-driver/3.141.59/selenium-ie-driver-3.141.59.jar:/home/marcelo.filipov@sp01.local/.m2/repository/org/seleniumhq/selenium/selenium-opera-driver/3.141.59/selenium-opera-driver-3.141.59.jar:/home/marcelo.filipov@sp01.local/.m2/repository/org/seleniumhq/selenium/selenium-remote-driver/3.141.59/selenium-remote-driver-3.141.59.jar:/home/marcelo.filipov@sp01.local/.m2/repository/org/seleniumhq/selenium/selenium-safari-driver/3.141.59/selenium-safari-driver-3.141.59.jar:/home/marcelo.filipov@sp01.local/.m2/repository/org/seleniumhq/selenium/selenium-support/3.141.59/selenium-support-3.141.59.jar:/home/marcelo.filipov@sp01.local/.m2/repository/net/bytebuddy/byte-buddy/1.10.11/byte-buddy-1.10.11.jar:/home/marcelo.filipov@sp01.local/.m2/repository/org/apache/commons/commons-exec/1.3/commons-exec-1.3.jar:/home/marcelo.filipov@sp01.local/.m2/repository/com/google/guava/guava/25.0-jre/guava-25.0-jre.jar:/home/marcelo.filipov@sp01.local/.m2/repository/com/google/code/findbugs/jsr305/1.3.9/jsr305-1.3.9.jar:/home/marcelo.filipov@sp01.local/.m2/repository/org/checkerframework/checker-compat-qual/2.0.0/checker-compat-qual-2.0.0.jar:/home/marcelo.filipov@sp01.local/.m2/repository/com/google/errorprone/error_prone_annotations/2.1.3/error_prone_annotations-2.1.3.jar:/home/marcelo.filipov@sp01.local/.m2/repository/com/google/j2objc/j2objc-annotations/1.1/j2objc-annotations-1.1.jar:/home/marcelo.filipov@sp01.local/.m2/repository/org/codehaus/mojo/animal-sniffer-annotations/1.14/animal-sniffer-annotations-1.14.jar:/home/marcelo.filipov@sp01.local/.m2/repository/com/squareup/okhttp3/okhttp/3.14.9/okhttp-3.14.9.jar:/home/marcelo.filipov@sp01.local/.m2/repository/com/squareup/okio/okio/1.14.0/okio-1.14.0.jar:/home/marcelo.filipov@sp01.local/.m2/repository/org/seleniumhq/selenium/selenium-firefox-driver/3.141.59/selenium-firefox-driver-3.141.59.jar:/home/marcelo.filipov@sp01.local/.m2/repository/org/seleniumhq/selenium/selenium-api/3.141.59/selenium-api-3.141.59.jar:/home/marcelo.filipov@sp01.local/.m2/repository/org/seleniumhq/selenium/htmlunit-driver/2.40.0/htmlunit-driver-2.40.0.jar:/home/marcelo.filipov@sp01.local/.m2/repository/net/sourceforge/htmlunit/htmlunit/2.40.0/htmlunit-2.40.0.jar:/home/marcelo.filipov@sp01.local/.m2/repository/xalan/xalan/2.7.2/xalan-2.7.2.jar:/home/marcelo.filipov@sp01.local/.m2/repository/xalan/serializer/2.7.2/serializer-2.7.2.jar:/home/marcelo.filipov@sp01.local/.m2/repository/org/apache/commons/commons-lang3/3.10/commons-lang3-3.10.jar:/home/marcelo.filipov@sp01.local/.m2/repository/org/apache/commons/commons-text/1.8/commons-text-1.8.jar:/home/marcelo.filipov@sp01.local/.m2/repository/org/apache/httpcomponents/httpmime/4.5.12/httpmime-4.5.12.jar:/home/marcelo.filipov@sp01.local/.m2/repository/org/apache/httpcomponents/httpclient/4.5.12/httpclient-4.5.12.jar:/home/marcelo.filipov@sp01.local/.m2/repository/org/apache/httpcomponents/httpcore/4.4.13/httpcore-4.4.13.jar:/home/marcelo.filipov@sp01.local/.m2/repository/commons-codec/commons-codec/1.14/commons-codec-1.14.jar:/home/marcelo.filipov@sp01.local/.m2/repository/net/sourceforge/htmlunit/htmlunit-core-js/2.40.0/htmlunit-core-js-2.40.0.jar:/home/marcelo.filipov@sp01.local/.m2/repository/net/sourceforge/htmlunit/neko-htmlunit/2.40.0/neko-htmlunit-2.40.0.jar:/home/marcelo.filipov@sp01.local/.m2/repository/xerces/xercesImpl/2.12.0/xercesImpl-2.12.0.jar:/home/marcelo.filipov@sp01.local/.m2/repository/xml-apis/xml-apis/1.4.01/xml-apis-1.4.01.jar:/home/marcelo.filipov@sp01.local/.m2/repository/net/sourceforge/htmlunit/htmlunit-cssparser/1.5.0/htmlunit-cssparser-1.5.0.jar:/home/marcelo.filipov@sp01.local/.m2/repository/commons-io/commons-io/2.6/commons-io-2.6.jar:/home/marcelo.filipov@sp01.local/.m2/repository/commons-net/commons-net/3.6/commons-net-3.6.jar:/home/marcelo.filipov@sp01.local/.m2/repository/org/brotli/dec/0.1.2/dec-0.1.2.jar:/home/marcelo.filipov@sp01.local/.m2/repository/com/shapesecurity/salvation/2.7.1/salvation-2.7.1.jar:/home/marcelo.filipov@sp01.local/.m2/repository/org/eclipse/jetty/websocket/websocket-client/9.4.29.v20200521/websocket-client-9.4.29.v20200521.jar:/home/marcelo.filipov@sp01.local/.m2/repository/org/eclipse/jetty/jetty-client/9.4.29.v20200521/jetty-client-9.4.29.v20200521.jar:/home/marcelo.filipov@sp01.local/.m2/repository/org/eclipse/jetty/jetty-http/9.4.29.v20200521/jetty-http-9.4.29.v20200521.jar:/home/marcelo.filipov@sp01.local/.m2/repository/org/eclipse/jetty/jetty-xml/9.4.29.v20200521/jetty-xml-9.4.29.v20200521.jar:/home/marcelo.filipov@sp01.local/.m2/repository/org/eclipse/jetty/jetty-util/9.4.29.v20200521/jetty-util-9.4.29.v20200521.jar:/home/marcelo.filipov@sp01.local/.m2/repository/org/eclipse/jetty/jetty-io/9.4.29.v20200521/jetty-io-9.4.29.v20200521.jar:/home/marcelo.filipov@sp01.local/.m2/repository/org/eclipse/jetty/websocket/websocket-common/9.4.29.v20200521/websocket-common-9.4.29.v20200521.jar:/home/marcelo.filipov@sp01.local/.m2/repository/org/eclipse/jetty/websocket/websocket-api/9.4.29.v20200521/websocket-api-9.4.29.v20200521.jar:"/>
    <property name="java.vm.vendor" value="Private Build"/>
    <property name="sun.arch.data.model" value="64"/>
    <property name="java.vendor.url" value="http://java.oracle.com/"/>
    <property name="user.timezone" value=""/>
    <property name="java.vm.specification.version" value="1.8"/>
    <property name="os.name" value="Linux"/>
    <property name="user.country" value="BR"/>
    <property name="sun.java.launcher" value="SUN_STANDARD"/>
    <property name="sun.boot.library.path" value="/usr/lib/jvm/java-8-openjdk-amd64/jre/lib/amd64"/>
    <property name="sun.java.command" value="/home/marcelo.filipov@sp01.local/Training/filipovLeilaoWithBDD/target/surefire/surefirebooter4910418634398380000.jar /home/marcelo.filipov@sp01.local/Training/filipovLeilaoWithBDD/target/surefire 2023-10-19T13-03-20_286-jvmRun1 surefire3625661711600423617tmp surefire_07494409472406998017tmp"/>
    <property name="surefire.test.class.path" value="/home/marcelo.filipov@sp01.local/Training/filipovLeilaoWithBDD/target/test-classes:/home/marcelo.filipov@sp01.local/Training/filipovLeilaoWithBDD/target/classes:/home/marcelo.filipov@sp01.local/.m2/repository/org/springframework/boot/spring-boot-starter-thymeleaf/2.3.1.RELEASE/spring-boot-starter-thymeleaf-2.3.1.RELEASE.jar:/home/marcelo.filipov@sp01.local/.m2/repository/org/springframework/boot/spring-boot-starter/2.3.1.RELEASE/spring-boot-starter-2.3.1.RELEASE.jar:/home/marcelo.filipov@sp01.local/.m2/repository/org/springframework/boot/spring-boot-starter-logging/2.3.1.RELEASE/spring-boot-starter-logging-2.3.1.RELEASE.jar:/home/marcelo.filipov@sp01.local/.m2/repository/ch/qos/logback/logback-classic/1.2.3/logback-classic-1.2.3.jar:/home/marcelo.filipov@sp01.local/.m2/repository/ch/qos/logback/logback-core/1.2.3/logback-core-1.2.3.jar:/home/marcelo.filipov@sp01.local/.m2/repository/org/apache/logging/log4j/log4j-to-slf4j/2.13.3/log4j-to-slf4j-2.13.3.jar:/home/marcelo.filipov@sp01.local/.m2/repository/org/apache/logging/log4j/log4j-api/2.13.3/log4j-api-2.13.3.jar:/home/marcelo.filipov@sp01.local/.m2/repository/org/slf4j/jul-to-slf4j/1.7.30/jul-to-slf4j-1.7.30.jar:/home/marcelo.filipov@sp01.local/.m2/repository/jakarta/annotation/jakarta.annotation-api/1.3.5/jakarta.annotation-api-1.3.5.jar:/home/marcelo.filipov@sp01.local/.m2/repository/org/yaml/snakeyaml/1.26/snakeyaml-1.26.jar:/home/marcelo.filipov@sp01.local/.m2/repository/org/thymeleaf/thymeleaf-spring5/3.0.11.RELEASE/thymeleaf-spring5-3.0.11.RELEASE.jar:/home/marcelo.filipov@sp01.local/.m2/repository/org/thymeleaf/extras/thymeleaf-extras-springsecurity5/3.0.4.RELEASE/thymeleaf-extras-springsecurity5-3.0.4.RELEASE.jar:/home/marcelo.filipov@sp01.local/.m2/repository/org/slf4j/slf4j-api/1.7.30/slf4j-api-1.7.30.jar:/home/marcelo.filipov@sp01.local/.m2/repository/org/thymeleaf/extras/thymeleaf-extras-java8time/3.0.4.RELEASE/thymeleaf-extras-java8time-3.0.4.RELEASE.jar:/home/marcelo.filipov@sp01.local/.m2/repository/org/thymeleaf/thymeleaf/3.0.11.RELEASE/thymeleaf-3.0.11.RELEASE.jar:/home/marcelo.filipov@sp01.local/.m2/repository/ognl/ognl/3.1.12/ognl-3.1.12.jar:/home/marcelo.filipov@sp01.local/.m2/repository/org/attoparser/attoparser/2.0.5.RELEASE/attoparser-2.0.5.RELEASE.jar:/home/marcelo.filipov@sp01.local/.m2/repository/org/unbescape/unbescape/1.1.6.RELEASE/unbescape-1.1.6.RELEASE.jar:/home/marcelo.filipov@sp01.local/.m2/repository/org/springframework/boot/spring-boot-starter-web/2.3.1.RELEASE/spring-boot-starter-web-2.3.1.RELEASE.jar:/home/marcelo.filipov@sp01.local/.m2/repository/org/springframework/boot/spring-boot-starter-json/2.3.1.RELEASE/spring-boot-starter-json-2.3.1.RELEASE.jar:/home/marcelo.filipov@sp01.local/.m2/repository/com/fasterxml/jackson/core/jackson-databind/2.11.0/jackson-databind-2.11.0.jar:/home/marcelo.filipov@sp01.local/.m2/repository/com/fasterxml/jackson/core/jackson-annotations/2.11.0/jackson-annotations-2.11.0.jar:/home/marcelo.filipov@sp01.local/.m2/repository/com/fasterxml/jackson/core/jackson-core/2.11.0/jackson-core-2.11.0.jar:/home/marcelo.filipov@sp01.local/.m2/repository/com/fasterxml/jackson/datatype/jackson-datatype-jdk8/2.11.0/jackson-datatype-jdk8-2.11.0.jar:/home/marcelo.filipov@sp01.local/.m2/repository/com/fasterxml/jackson/datatype/jackson-datatype-jsr310/2.11.0/jackson-datatype-jsr310-2.11.0.jar:/home/marcelo.filipov@sp01.local/.m2/repository/com/fasterxml/jackson/module/jackson-module-parameter-names/2.11.0/jackson-module-parameter-names-2.11.0.jar:/home/marcelo.filipov@sp01.local/.m2/repository/org/springframework/boot/spring-boot-starter-tomcat/2.3.1.RELEASE/spring-boot-starter-tomcat-2.3.1.RELEASE.jar:/home/marcelo.filipov@sp01.local/.m2/repository/org/apache/tomcat/embed/tomcat-embed-core/9.0.36/tomcat-embed-core-9.0.36.jar:/home/marcelo.filipov@sp01.local/.m2/repository/org/apache/tomcat/embed/tomcat-embed-websocket/9.0.36/tomcat-embed-websocket-9.0.36.jar:/home/marcelo.filipov@sp01.local/.m2/repository/org/springframework/spring-web/5.2.7.RELEASE/spring-web-5.2.7.RELEASE.jar:/home/marcelo.filipov@sp01.local/.m2/repository/org/springframework/spring-beans/5.2.7.RELEASE/spring-beans-5.2.7.RELEASE.jar:/home/marcelo.filipov@sp01.local/.m2/repository/org/springframework/spring-webmvc/5.2.7.RELEASE/spring-webmvc-5.2.7.RELEASE.jar:/home/marcelo.filipov@sp01.local/.m2/repository/org/springframework/spring-context/5.2.7.RELEASE/spring-context-5.2.7.RELEASE.jar:/home/marcelo.filipov@sp01.local/.m2/repository/org/springframework/spring-expression/5.2.7.RELEASE/spring-expression-5.2.7.RELEASE.jar:/home/marcelo.filipov@sp01.local/.m2/repository/org/springframework/boot/spring-boot-starter-validation/2.3.1.RELEASE/spring-boot-starter-validation-2.3.1.RELEASE.jar:/home/marcelo.filipov@sp01.local/.m2/repository/org/glassfish/jakarta.el/3.0.3/jakarta.el-3.0.3.jar:/home/marcelo.filipov@sp01.local/.m2/repository/org/hibernate/validator/hibernate-validator/6.1.5.Final/hibernate-validator-6.1.5.Final.jar:/home/marcelo.filipov@sp01.local/.m2/repository/jakarta/validation/jakarta.validation-api/2.0.2/jakarta.validation-api-2.0.2.jar:/home/marcelo.filipov@sp01.local/.m2/repository/org/jboss/logging/jboss-logging/3.4.1.Final/jboss-logging-3.4.1.Final.jar:/home/marcelo.filipov@sp01.local/.m2/repository/com/fasterxml/classmate/1.5.1/classmate-1.5.1.jar:/home/marcelo.filipov@sp01.local/.m2/repository/org/springframework/boot/spring-boot-starter-data-jpa/2.3.1.RELEASE/spring-boot-starter-data-jpa-2.3.1.RELEASE.jar:/home/marcelo.filipov@sp01.local/.m2/repository/org/springframework/boot/spring-boot-starter-aop/2.3.1.RELEASE/spring-boot-starter-aop-2.3.1.RELEASE.jar:/home/marcelo.filipov@sp01.local/.m2/repository/org/aspectj/aspectjweaver/1.9.5/aspectjweaver-1.9.5.jar:/home/marcelo.filipov@sp01.local/.m2/repository/org/springframework/boot/spring-boot-starter-jdbc/2.3.1.RELEASE/spring-boot-starter-jdbc-2.3.1.RELEASE.jar:/home/marcelo.filipov@sp01.local/.m2/repository/com/zaxxer/HikariCP/3.4.5/HikariCP-3.4.5.jar:/home/marcelo.filipov@sp01.local/.m2/repository/org/springframework/spring-jdbc/5.2.7.RELEASE/spring-jdbc-5.2.7.RELEASE.jar:/home/marcelo.filipov@sp01.local/.m2/repository/jakarta/transaction/jakarta.transaction-api/1.3.3/jakarta.transaction-api-1.3.3.jar:/home/marcelo.filipov@sp01.local/.m2/repository/jakarta/persistence/jakarta.persistence-api/2.2.3/jakarta.persistence-api-2.2.3.jar:/home/marcelo.filipov@sp01.local/.m2/repository/org/hibernate/hibernate-core/5.4.17.Final/hibernate-core-5.4.17.Final.jar:/home/marcelo.filipov@sp01.local/.m2/repository/org/javassist/javassist/3.24.0-GA/javassist-3.24.0-GA.jar:/home/marcelo.filipov@sp01.local/.m2/repository/antlr/antlr/2.7.7/antlr-2.7.7.jar:/home/marcelo.filipov@sp01.local/.m2/repository/org/jboss/jandex/2.1.3.Final/jandex-2.1.3.Final.jar:/home/marcelo.filipov@sp01.local/.m2/repository/org/dom4j/dom4j/2.1.3/dom4j-2.1.3.jar:/home/marcelo.filipov@sp01.local/.m2/repository/org/hibernate/common/hibernate-commons-annotations/5.1.0.Final/hibernate-commons-annotations-5.1.0.Final.jar:/home/marcelo.filipov@sp01.local/.m2/repository/org/glassfish/jaxb/jaxb-runtime/2.3.3/jaxb-runtime-2.3.3.jar:/home/marcelo.filipov@sp01.local/.m2/repository/org/glassfish/jaxb/txw2/2.3.3/txw2-2.3.3.jar:/home/marcelo.filipov@sp01.local/.m2/repository/com/sun/istack/istack-commons-runtime/3.0.11/istack-commons-runtime-3.0.11.jar:/home/marcelo.filipov@sp01.local/.m2/repository/com/sun/activation/jakarta.activation/1.2.2/jakarta.activation-1.2.2.jar:/home/marcelo.filipov@sp01.local/.m2/repository/org/springframework/data/spring-data-jpa/2.3.1.RELEASE/spring-data-jpa-2.3.1.RELEASE.jar:/home/marcelo.filipov@sp01.local/.m2/repository/org/springframework/data/spring-data-commons/2.3.1.RELEASE/spring-data-commons-2.3.1.RELEASE.jar:/home/marcelo.filipov@sp01.local/.m2/repository/org/springframework/spring-orm/5.2.7.RELEASE/spring-orm-5.2.7.RELEASE.jar:/home/marcelo.filipov@sp01.local/.m2/repository/org/springframework/spring-tx/5.2.7.RELEASE/spring-tx-5.2.7.RELEASE.jar:/home/marcelo.filipov@sp01.local/.m2/repository/org/springframework/spring-aspects/5.2.7.RELEASE/spring-aspects-5.2.7.RELEASE.jar:/home/marcelo.filipov@sp01.local/.m2/repository/org/springframework/boot/spring-boot-starter-security/2.3.1.RELEASE/spring-boot-starter-security-2.3.1.RELEASE.jar:/home/marcelo.filipov@sp01.local/.m2/repository/org/springframework/spring-aop/5.2.7.RELEASE/spring-aop-5.2.7.RELEASE.jar:/home/marcelo.filipov@sp01.local/.m2/repository/org/springframework/security/spring-security-config/5.3.3.RELEASE/spring-security-config-5.3.3.RELEASE.jar:/home/marcelo.filipov@sp01.local/.m2/repository/org/springframework/security/spring-security-core/5.3.3.RELEASE/spring-security-core-5.3.3.RELEASE.jar:/home/marcelo.filipov@sp01.local/.m2/repository/org/springframework/security/spring-security-web/5.3.3.RELEASE/spring-security-web-5.3.3.RELEASE.jar:/home/marcelo.filipov@sp01.local/.m2/repository/org/mariadb/jdbc/mariadb-java-client/2.6.0/mariadb-java-client-2.6.0.jar:/home/marcelo.filipov@sp01.local/.m2/repository/org/springframework/boot/spring-boot-devtools/2.3.1.RELEASE/spring-boot-devtools-2.3.1.RELEASE.jar:/home/marcelo.filipov@sp01.local/.m2/repository/org/springframework/boot/spring-boot/2.3.1.RELEASE/spring-boot-2.3.1.RELEASE.jar:/home/marcelo.filipov@sp01.local/.m2/repository/org/springframework/boot/spring-boot-autoconfigure/2.3.1.RELEASE/spring-boot-autoconfigure-2.3.1.RELEASE.jar:/home/marcelo.filipov@sp01.local/.m2/repository/org/springframework/boot/spring-boot-starter-test/2.3.1.RELEASE/spring-boot-starter-test-2.3.1.RELEASE.jar:/home/marcelo.filipov@sp01.local/.m2/repository/org/springframework/boot/spring-boot-test/2.3.1.RELEASE/spring-boot-test-2.3.1.RELEASE.jar:/home/marcelo.filipov@sp01.local/.m2/repository/org/springframework/boot/spring-boot-test-autoconfigure/2.3.1.RELEASE/spring-boot-test-autoconfigure-2.3.1.RELEASE.jar:/home/marcelo.filipov@sp01.local/.m2/repository/com/jayway/jsonpath/json-path/2.4.0/json-path-2.4.0.jar:/home/marcelo.filipov@sp01.local/.m2/repository/net/minidev/json-smart/2.3/json-smart-2.3.jar:/home/marcelo.filipov@sp01.local/.m2/repository/net/minidev/accessors-smart/1.2/accessors-smart-1.2.jar:/home/marcelo.filipov@sp01.local/.m2/repository/org/ow2/asm/asm/5.0.4/asm-5.0.4.jar:/home/marcelo.filipov@sp01.local/.m2/repository/jakarta/xml/bind/jakarta.xml.bind-api/2.3.3/jakarta.xml.bind-api-2.3.3.jar:/home/marcelo.filipov@sp01.local/.m2/repository/jakarta/activation/jakarta.activation-api/1.2.2/jakarta.activation-api-1.2.2.jar:/home/marcelo.filipov@sp01.local/.m2/repository/org/assertj/assertj-core/3.16.1/assertj-core-3.16.1.jar:/home/marcelo.filipov@sp01.local/.m2/repository/org/junit/jupiter/junit-jupiter/5.6.2/junit-jupiter-5.6.2.jar:/home/marcelo.filipov@sp01.local/.m2/repository/org/junit/jupiter/junit-jupiter-api/5.6.2/junit-jupiter-api-5.6.2.jar:/home/marcelo.filipov@sp01.local/.m2/repository/org/opentest4j/opentest4j/1.2.0/opentest4j-1.2.0.jar:/home/marcelo.filipov@sp01.local/.m2/repository/org/junit/platform/junit-platform-commons/1.6.2/junit-platform-commons-1.6.2.jar:/home/marcelo.filipov@sp01.local/.m2/repository/org/junit/jupiter/junit-jupiter-params/5.6.2/junit-jupiter-params-5.6.2.jar:/home/marcelo.filipov@sp01.local/.m2/repository/org/junit/jupiter/junit-jupiter-engine/5.6.2/junit-jupiter-engine-5.6.2.jar:/home/marcelo.filipov@sp01.local/.m2/repository/org/junit/vintage/junit-vintage-engine/5.6.2/junit-vintage-engine-5.6.2.jar:/home/marcelo.filipov@sp01.local/.m2/repository/org/junit/platform/junit-platform-engine/1.6.2/junit-platform-engine-1.6.2.jar:/home/marcelo.filipov@sp01.local/.m2/repository/junit/junit/4.13/junit-4.13.jar:/home/marcelo.filipov@sp01.local/.m2/repository/org/mockito/mockito-core/3.3.3/mockito-core-3.3.3.jar:/home/marcelo.filipov@sp01.local/.m2/repository/net/bytebuddy/byte-buddy-agent/1.10.11/byte-buddy-agent-1.10.11.jar:/home/marcelo.filipov@sp01.local/.m2/repository/org/objenesis/objenesis/2.6/objenesis-2.6.jar:/home/marcelo.filipov@sp01.local/.m2/repository/org/mockito/mockito-junit-jupiter/3.3.3/mockito-junit-jupiter-3.3.3.jar:/home/marcelo.filipov@sp01.local/.m2/repository/org/skyscreamer/jsonassert/1.5.0/jsonassert-1.5.0.jar:/home/marcelo.filipov@sp01.local/.m2/repository/com/vaadin/external/google/android-json/0.0.20131108.vaadin1/android-json-0.0.20131108.vaadin1.jar:/home/marcelo.filipov@sp01.local/.m2/repository/org/springframework/spring-core/5.2.7.RELEASE/spring-core-5.2.7.RELEASE.jar:/home/marcelo.filipov@sp01.local/.m2/repository/org/springframework/spring-jcl/5.2.7.RELEASE/spring-jcl-5.2.7.RELEASE.jar:/home/marcelo.filipov@sp01.local/.m2/repository/org/springframework/spring-test/5.2.7.RELEASE/spring-test-5.2.7.RELEASE.jar:/home/marcelo.filipov@sp01.local/.m2/repository/org/xmlunit/xmlunit-core/2.7.0/xmlunit-core-2.7.0.jar:/home/marcelo.filipov@sp01.local/.m2/repository/com/h2database/h2/1.4.200/h2-1.4.200.jar:/home/marcelo.filipov@sp01.local/.m2/repository/io/cucumber/cucumber-java/6.2.0/cucumber-java-6.2.0.jar:/home/marcelo.filipov@sp01.local/.m2/repository/io/cucumber/cucumber-core/6.2.0/cucumber-core-6.2.0.jar:/home/marcelo.filipov@sp01.local/.m2/repository/io/cucumber/cucumber-gherkin/6.2.0/cucumber-gherkin-6.2.0.jar:/home/marcelo.filipov@sp01.local/.m2/repository/io/cucumber/cucumber-gherkin-messages/6.2.0/cucumber-gherkin-messages-6.2.0.jar:/home/marcelo.filipov@sp01.local/.m2/repository/io/cucumber/messages/12.2.0/messages-12.2.0.jar:/home/marcelo.filipov@sp01.local/.m2/repository/io/cucumber/tag-expressions/3.0.0/tag-expressions-3.0.0.jar:/home/marcelo.filipov@sp01.local/.m2/repository/io/cucumber/cucumber-expressions/10.2.1/cucumber-expressions-10.2.1.jar:/home/marcelo.filipov@sp01.local/.m2/repository/io/cucumber/datatable/3.3.1/datatable-3.3.1.jar:/home/marcelo.filipov@sp01.local/.m2/repository/io/cucumber/cucumber-plugin/6.2.0/cucumber-plugin-6.2.0.jar:/home/marcelo.filipov@sp01.local/.m2/repository/io/cucumber/docstring/6.2.0/docstring-6.2.0.jar:/home/marcelo.filipov@sp01.local/.m2/repository/io/cucumber/html-formatter/7.0.0/html-formatter-7.0.0.jar:/home/marcelo.filipov@sp01.local/.m2/repository/org/apiguardian/apiguardian-api/1.1.0/apiguardian-api-1.1.0.jar:/home/marcelo.filipov@sp01.local/.m2/repository/io/cucumber/cucumber-junit/6.2.0/cucumber-junit-6.2.0.jar:/home/marcelo.filipov@sp01.local/.m2/repository/org/hamcrest/hamcrest/2.2/hamcrest-2.2.jar:/home/marcelo.filipov@sp01.local/.m2/repository/org/seleniumhq/selenium/selenium-java/3.141.59/selenium-java-3.141.59.jar:/home/marcelo.filipov@sp01.local/.m2/repository/org/seleniumhq/selenium/selenium-chrome-driver/3.141.59/selenium-chrome-driver-3.141.59.jar:/home/marcelo.filipov@sp01.local/.m2/repository/org/seleniumhq/selenium/selenium-edge-driver/3.141.59/selenium-edge-driver-3.141.59.jar:/home/marcelo.filipov@sp01.local/.m2/repository/org/seleniumhq/selenium/selenium-ie-driver/3.141.59/selenium-ie-driver-3.141.59.jar:/home/marcelo.filipov@sp01.local/.m2/repository/org/seleniumhq/selenium/selenium-opera-driver/3.141.59/selenium-opera-driver-3.141.59.jar:/home/marcelo.filipov@sp01.local/.m2/repository/org/seleniumhq/selenium/selenium-remote-driver/3.141.59/selenium-remote-driver-3.141.59.jar:/home/marcelo.filipov@sp01.local/.m2/repository/org/seleniumhq/selenium/selenium-safari-driver/3.141.59/selenium-safari-driver-3.141.59.jar:/home/marcelo.filipov@sp01.local/.m2/repository/org/seleniumhq/selenium/selenium-support/3.141.59/selenium-support-3.141.59.jar:/home/marcelo.filipov@sp01.local/.m2/repository/net/bytebuddy/byte-buddy/1.10.11/byte-buddy-1.10.11.jar:/home/marcelo.filipov@sp01.local/.m2/repository/org/apache/commons/commons-exec/1.3/commons-exec-1.3.jar:/home/marcelo.filipov@sp01.local/.m2/repository/com/google/guava/guava/25.0-jre/guava-25.0-jre.jar:/home/marcelo.filipov@sp01.local/.m2/repository/com/google/code/findbugs/jsr305/1.3.9/jsr305-1.3.9.jar:/home/marcelo.filipov@sp01.local/.m2/repository/org/checkerframework/checker-compat-qual/2.0.0/checker-compat-qual-2.0.0.jar:/home/marcelo.filipov@sp01.local/.m2/repository/com/google/errorprone/error_prone_annotations/2.1.3/error_prone_annotations-2.1.3.jar:/home/marcelo.filipov@sp01.local/.m2/repository/com/google/j2objc/j2objc-annotations/1.1/j2objc-annotations-1.1.jar:/home/marcelo.filipov@sp01.local/.m2/repository/org/codehaus/mojo/animal-sniffer-annotations/1.14/animal-sniffer-annotations-1.14.jar:/home/marcelo.filipov@sp01.local/.m2/repository/com/squareup/okhttp3/okhttp/3.14.9/okhttp-3.14.9.jar:/home/marcelo.filipov@sp01.local/.m2/repository/com/squareup/okio/okio/1.14.0/okio-1.14.0.jar:/home/marcelo.filipov@sp01.local/.m2/repository/org/seleniumhq/selenium/selenium-firefox-driver/3.141.59/selenium-firefox-driver-3.141.59.jar:/home/marcelo.filipov@sp01.local/.m2/repository/org/seleniumhq/selenium/selenium-api/3.141.59/selenium-api-3.141.59.jar:/home/marcelo.filipov@sp01.local/.m2/repository/org/seleniumhq/selenium/htmlunit-driver/2.40.0/htmlunit-driver-2.40.0.jar:/home/marcelo.filipov@sp01.local/.m2/repository/net/sourceforge/htmlunit/htmlunit/2.40.0/htmlunit-2.40.0.jar:/home/marcelo.filipov@sp01.local/.m2/repository/xalan/xalan/2.7.2/xalan-2.7.2.jar:/home/marcelo.filipov@sp01.local/.m2/repository/xalan/serializer/2.7.2/serializer-2.7.2.jar:/home/marcelo.filipov@sp01.local/.m2/repository/org/apache/commons/commons-lang3/3.10/commons-lang3-3.10.jar:/home/marcelo.filipov@sp01.local/.m2/repository/org/apache/commons/commons-text/1.8/commons-text-1.8.jar:/home/marcelo.filipov@sp01.local/.m2/repository/org/apache/httpcomponents/httpmime/4.5.12/httpmime-4.5.12.jar:/home/marcelo.filipov@sp01.local/.m2/repository/org/apache/httpcomponents/httpclient/4.5.12/httpclient-4.5.12.jar:/home/marcelo.filipov@sp01.local/.m2/repository/org/apache/httpcomponents/httpcore/4.4.13/httpcore-4.4.13.jar:/home/marcelo.filipov@sp01.local/.m2/repository/commons-codec/commons-codec/1.14/commons-codec-1.14.jar:/home/marcelo.filipov@sp01.local/.m2/repository/net/sourceforge/htmlunit/htmlunit-core-js/2.40.0/htmlunit-core-js-2.40.0.jar:/home/marcelo.filipov@sp01.local/.m2/repository/net/sourceforge/htmlunit/neko-htmlunit/2.40.0/neko-htmlunit-2.40.0.jar:/home/marcelo.filipov@sp01.local/.m2/repository/xerces/xercesImpl/2.12.0/xercesImpl-2.12.0.jar:/home/marcelo.filipov@sp01.local/.m2/repository/xml-apis/xml-apis/1.4.01/xml-apis-1.4.01.jar:/home/marcelo.filipov@sp01.local/.m2/repository/net/sourceforge/htmlunit/htmlunit-cssparser/1.5.0/htmlunit-cssparser-1.5.0.jar:/home/marcelo.filipov@sp01.local/.m2/repository/commons-io/commons-io/2.6/commons-io-2.6.jar:/home/marcelo.filipov@sp01.local/.m2/repository/commons-net/commons-net/3.6/commons-net-3.6.jar:/home/marcelo.filipov@sp01.local/.m2/repository/org/brotli/dec/0.1.2/dec-0.1.2.jar:/home/marcelo.filipov@sp01.local/.m2/repository/com/shapesecurity/salvation/2.7.1/salvation-2.7.1.jar:/home/marcelo.filipov@sp01.local/.m2/repository/org/eclipse/jetty/websocket/websocket-client/9.4.29.v20200521/websocket-client-9.4.29.v20200521.jar:/home/marcelo.filipov@sp01.local/.m2/repository/org/eclipse/jetty/jetty-client/9.4.29.v20200521/jetty-client-9.4.29.v20200521.jar:/home/marcelo.filipov@sp01.local/.m2/repository/org/eclipse/jetty/jetty-http/9.4.29.v20200521/jetty-http-9.4.29.v20200521.jar:/home/marcelo.filipov@sp01.local/.m2/repository/org/eclipse/jetty/jetty-xml/9.4.29.v20200521/jetty-xml-9.4.29.v20200521.jar:/home/marcelo.filipov@sp01.local/.m2/repository/org/eclipse/jetty/jetty-util/9.4.29.v20200521/jetty-util-9.4.29.v20200521.jar:/home/marcelo.filipov@sp01.local/.m2/repository/org/eclipse/jetty/jetty-io/9.4.29.v20200521/jetty-io-9.4.29.v20200521.jar:/home/marcelo.filipov@sp01.local/.m2/repository/org/eclipse/jetty/websocket/websocket-common/9.4.29.v20200521/websocket-common-9.4.29.v20200521.jar:/home/marcelo.filipov@sp01.local/.m2/repository/org/eclipse/jetty/websocket/websocket-api/9.4.29.v20200521/websocket-api-9.4.29.v20200521.jar:"/>
    <property name="sun.cpu.endian" value="little"/>
    <property name="user.home" value="/home/marcelo.filipov@sp01.local"/>
    <property name="user.language" value="pt"/>
    <property name="java.specification.vendor" value="Oracle Corporation"/>
    <property name="java.home" value="/usr/lib/jvm/java-8-openjdk-amd64/jre"/>
    <property name="basedir" value="/home/marcelo.filipov@sp01.local/Training/filipovLeilaoWithBDD"/>
    <property name="file.separator" value="/"/>
    <property name="line.separator" value="&#10;"/>
    <property name="java.vm.specification.vendor" value="Oracle Corporation"/>
    <property name="java.specification.name" value="Java Platform API Specification"/>
    <property name="java.awt.graphicsenv" value="sun.awt.X11GraphicsEnvironment"/>
    <property name="surefire.real.class.path" value="/home/marcelo.filipov@sp01.local/Training/filipovLeilaoWithBDD/target/surefire/surefirebooter4910418634398380000.jar"/>
    <property name="sun.boot.class.path" value="/usr/lib/jvm/java-8-openjdk-amd64/jre/lib/resources.jar:/usr/lib/jvm/java-8-openjdk-amd64/jre/lib/rt.jar:/usr/lib/jvm/java-8-openjdk-amd64/jre/lib/sunrsasign.jar:/usr/lib/jvm/java-8-openjdk-amd64/jre/lib/jsse.jar:/usr/lib/jvm/java-8-openjdk-amd64/jre/lib/jce.jar:/usr/lib/jvm/java-8-openjdk-amd64/jre/lib/charsets.jar:/usr/lib/jvm/java-8-openjdk-amd64/jre/lib/jfr.jar:/usr/lib/jvm/java-8-openjdk-amd64/jre/classes"/>
    <property name="sun.management.compiler" value="HotSpot 64-Bit Tiered Compilers"/>
    <property name="java.runtime.version" value="1.8.0_382-8u382-ga-1~20.04.1-b05"/>
    <property name="user.name" value="marcelo.filipov@sp01.local"/>
    <property name="path.separator" value=":"/>
    <property name="os.version" value="5.15.0-86-generic"/>
    <property name="java.endorsed.dirs" value="/usr/lib/jvm/java-8-openjdk-amd64/jre/lib/endorsed"/>
    <property name="java.runtime.name" value="OpenJDK Runtime Environment"/>
    <property name="file.encoding" value="UTF-8"/>
    <property name="java.vm.name" value="OpenJDK 64-Bit Server VM"/>
    <property name="localRepository" value="/home/marcelo.filipov@sp01.local/.m2/repository"/>
    <property name="java.vendor.url.bug" value="http://bugreport.sun.com/bugreport/"/>
    <property name="java.io.tmpdir" value="/tmp"/>
    <property name="idea.version" value="2023.2.3"/>
    <property name="java.version" value="1.8.0_382"/>
    <property name="user.dir" value="/home/marcelo.filipov@sp01.local/Training/filipovLeilaoWithBDD"/>
    <property name="os.arch" value="amd64"/>
    <property name="java.vm.specification.name" value="Java Virtual Machine Specification"/>
    <property name="java.awt.printerjob" value="sun.print.PSPrinterJob"/>
    <property name="sun.os.patch.level" value="unknown"/>
    <property name="java.library.path" value="/usr/java/packages/lib/amd64:/usr/lib/x86_64-linux-gnu/jni:/lib/x86_64-linux-gnu:/usr/lib/x86_64-linux-gnu:/usr/lib/jni:/lib:/usr/lib"/>
    <property name="java.vm.info" value="mixed mode"/>
    <property name="java.vendor" value="Private Build"/>
    <property name="java.vm.version" value="25.382-b05"/>
    <property name="java.specification.maintenance.version" value="5"/>
    <property name="java.ext.dirs" value="/usr/lib/jvm/java-8-openjdk-amd64/jre/lib/ext:/usr/java/packages/lib/ext"/>
    <property name="sun.io.unicode.encoding" value="UnicodeLittle"/>
    <property name="java.class.version" value="52.0"/>
  </properties>
  <testcase name="naoDeveAceitarUmLanceDuplicado" classname="br.com.alura.leilao.integration.service.LanceServiceTest" time="0.026"/>
  <testcase name="deveAceitarUmLance" classname="br.com.alura.leilao.integration.service.LanceServiceTest" time="0.003"/>
</testsuite>